08:05:2025 22:58:27,673 [INFO] [restartedMain] StartupInfoLogger Starting BotApplication using Java 17.0.12 with PID 55104 (H:\Bot-O-Holding_V2\bot\target\classes started by steph in H:\Bot-O-Holding_V2\bot)
08:05:2025 22:58:27,690 [DEBUG] [restartedMain] StartupInfoLogger Running with Spring Boot v3.5.0, Spring v6.2.7
08:05:2025 22:58:27,692 [INFO] [restartedMain] SpringApplication No active profile set, falling back to 1 default profile: "default"
08:05:2025 22:58:27,738 [INFO] [restartedMain] DeferredLog Devtools property defaults active! Set 'spring.devtools.add-properties' to 'false' to disable
08:05:2025 22:58:27,738 [INFO] [restartedMain] DeferredLog For additional web related logging consider setting the 'logging.level.web' property to 'DEBUG'
08:05:2025 22:58:29,400 [INFO] [restartedMain] TomcatWebServer Tomcat initialized with port 8080 (http)
08:05:2025 22:58:29,418 [INFO] [restartedMain] DirectJDKLog Initializing ProtocolHandler ["http-nio-8080"]
08:05:2025 22:58:29,423 [INFO] [restartedMain] DirectJDKLog Starting service [Tomcat]
08:05:2025 22:58:29,423 [INFO] [restartedMain] DirectJDKLog Starting Servlet engine: [Apache Tomcat/10.1.41]
08:05:2025 22:58:29,495 [INFO] [restartedMain] DirectJDKLog Initializing Spring embedded WebApplicationContext
08:05:2025 22:58:29,495 [INFO] [restartedMain] ServletWebServerApplicationContext Root WebApplicationContext: initialization completed in 1756 ms
08:05:2025 22:58:30,621 [INFO] [reactor-http-nio-2] ApiClientImpl Successfully fetched API token for bot.
08:05:2025 22:58:30,821 [INFO] [restartedMain] GatewayConfig Attempting to connect to Discord with token...
08:05:2025 22:58:31,032 [INFO] [restartedMain] Loggers$Slf4JLogger Discord4J 3.2.8 (https://discord4j.com)
08:05:2025 22:58:32,503 [INFO] [reactor-http-nio-4] Loggers$Slf4JLogger [G:48c09ac4, S:0] Connected to Gateway
08:05:2025 22:58:32,505 [INFO] [reactor-http-nio-4] Loggers$Slf4JLogger [G:48c09ac4, S:0] Shard connected
08:05:2025 22:58:32,506 [INFO] [restartedMain] GatewayConfig Successfully connected to Discord and obtained GatewayDiscordClient.
08:05:2025 22:58:32,506 [INFO] [restartedMain] GatewayConfig Registering 2 event listeners...
08:05:2025 22:58:32,514 [DEBUG] [restartedMain] GatewayConfig Successfully registered listener for event type: ChatInputAutoCompleteEvent
08:05:2025 22:58:32,515 [DEBUG] [restartedMain] GatewayConfig Successfully registered listener for event type: ChatInputInteractionEvent
08:05:2025 22:58:32,515 [INFO] [restartedMain] GatewayConfig All event listeners processed for registration.
08:05:2025 22:58:33,112 [WARN] [restartedMain] OptionalLiveReloadServer Unable to start LiveReload server
08:05:2025 22:58:33,121 [INFO] [restartedMain] EndpointLinksResolver Exposing 1 endpoint beneath base path '/actuator'
08:05:2025 22:58:33,171 [INFO] [restartedMain] DirectJDKLog Starting ProtocolHandler ["http-nio-8080"]
08:05:2025 22:58:33,185 [INFO] [restartedMain] TomcatWebServer Tomcat started on port 8080 (http) with context path '/'
08:05:2025 22:58:33,202 [INFO] [restartedMain] StartupInfoLogger Started BotApplication in 6.125 seconds (process running for 7.024)
08:05:2025 22:58:33,685 [INFO] [restartedMain] GlobalCommandRegistrar Loading command definitions from 'commands/*.json'
08:05:2025 22:58:33,719 [DEBUG] [restartedMain] GlobalCommandRegistrar Loaded command definition from: container.json
08:05:2025 22:58:33,721 [DEBUG] [restartedMain] GlobalCommandRegistrar Loaded command definition from: inventory.json
08:05:2025 22:58:33,722 [DEBUG] [restartedMain] GlobalCommandRegistrar Loaded command definition from: item.json
08:05:2025 22:58:33,722 [DEBUG] [restartedMain] GlobalCommandRegistrar Loaded command definition from: user.json
08:05:2025 22:58:33,723 [INFO] [restartedMain] GlobalCommandRegistrar Registering 4 global application command(s)...
08:05:2025 22:58:40,315 [DEBUG] [d4j-events-1] SubcommandDispatcherCommand container command invoked with subcommand: 'find-active' by user slleer
08:05:2025 22:58:40,317 [DEBUG] [d4j-events-1] SubcommandDispatcherCommand Dispatching to parser: FindActiveContainerParser$$SpringCGLIB$$0 for command container and subcommand find-active
08:05:2025 22:58:40,318 [INFO] [d4j-events-1] FindActiveContainerParser Executing 'container-find-active' command for user slleer
08:05:2025 22:58:40,319 [DEBUG] [d4j-events-1] ApiClientImpl Attempting to retrieve current user's settings from /api/users/me/settings
08:05:2025 22:58:40,358 [INFO] [reactor-http-nio-2] ApiClientImpl User Settings (current user) found successfully.

08:05:2025 22:58:40,391 [INFO] [reactor-http-nio-2] ApiClientImpl Active Container (Steve's prison pouch) found successfully.

08:05:2025 22:58:44,591 [DEBUG] [d4j-events-1] SubcommandDispatcherCommand container command invoked with subcommand: 'find' by user slleer
08:05:2025 22:58:44,592 [DEBUG] [d4j-events-1] SubcommandDispatcherCommand Dispatching to parser: FindContainerParser$$SpringCGLIB$$0 for command container and subcommand find
08:05:2025 22:58:44,592 [INFO] [d4j-events-1] ByNameParser Executing 'container-find' command for user slleer
08:05:2025 22:58:44,593 [DEBUG] [d4j-events-1] ApiClientImpl Attempting to retrieve current user's settings from /api/users/me/settings
08:05:2025 22:58:44,598 [DEBUG] [d4j-events-1] FindContainerParser Manual input detected. Searching for container by name.
08:05:2025 22:58:44,620 [INFO] [reactor-http-nio-2] ApiClientImpl User Settings (current user) found successfully.

08:05:2025 22:58:44,841 [DEBUG] [boundedElastic-1] ApiClientImpl Finding containers with name '' for owner 1102429095524044821 of type GUILD.
08:05:2025 22:58:44,908 [INFO] [reactor-http-nio-2] ApiClientImpl Containers (null) found successfully.

08:05:2025 23:01:39,359 [INFO] [SpringApplicationShutdownHook] GracefulShutdown Commencing graceful shutdown. Waiting for active requests to complete
08:05:2025 23:01:39,726 [INFO] [tomcat-shutdown] GracefulShutdown Graceful shutdown complete
08:05:2025 23:01:39,738 [WARN] [reactor-http-nio-4] Loggers$Slf4JLogger [G:48c09ac4, S:0] discord4j.common.close.CloseException: WebSocket closed: 1006 Abnormal closure caused by discord4j.gateway.retry.GatewayException: Inbound close status
